[handleMsg]:  {
  key: {
    remoteJid: '5491157412668@s.whatsapp.net',
    fromMe: false,
    id: '3EB0BA42FD3C40D8D989',
    participant: undefined
  },
  messageTimestamp: 1678073680,
  pushName: 'Martin',
  message: Message {
    conversation: 'hey silver',
    messageContextInfo: MessageContextInfo {
      deviceListMetadata: [DeviceListMetadata],
      deviceListMetadataVersion: 2
    }
  },
  body: 'hey silver',
  from: '5491157412668'
}
[handleMsg]:  {
  key: {
    remoteJid: '5491157412668@s.whatsapp.net',
    fromMe: false,
    id: '3EB0E4FD2D3610DC3C23',
    participant: undefined
  },
  messageTimestamp: 1678073685,
  pushName: 'Martin',
  message: Message {
    conversation: '2 mas 2',
    messageContextInfo: MessageContextInfo {
      deviceListMetadata: [DeviceListMetadata],
      deviceListMetadataVersion: 2
    }
  },
  body: '2 mas 2',
  from: '5491157412668'
}
[handleMsg]:  {
  key: {
    remoteJid: '5491157412668@s.whatsapp.net',
    fromMe: false,
    id: '3EB0D8D94B681CDC3403',
    participant: undefined
  },
  messageTimestamp: 1678073703,
  pushName: 'Martin',
  message: Message {
    conversation: 'y mas 2?',
    messageContextInfo: MessageContextInfo {
      deviceListMetadata: [DeviceListMetadata],
      deviceListMetadataVersion: 2
    }
  },
  body: 'y mas 2?',
  from: '5491157412668'
}
[handleMsg]:  {
  key: {
    remoteJid: '5491157412668@s.whatsapp.net',
    fromMe: false,
    id: '3EB0D84C834E9250C562',
    participant: undefined
  },
  messageTimestamp: 1678073708,
  pushName: 'Martin',
  message: Message {
    conversation: 'hey silver',
    messageContextInfo: MessageContextInfo {
      deviceListMetadata: [DeviceListMetadata],
      deviceListMetadataVersion: 2
    }
  },
  body: 'hey silver',
  from: '5491157412668'
}
[handleMsg]:  {
  key: {
    remoteJid: '5491157412668@s.whatsapp.net',
    fromMe: false,
    id: '3EB0AFC73CA183DFAB2E',
    participant: undefined
  },
  messageTimestamp: 1678073738,
  pushName: 'Martin',
  message: Message {
    conversation: 'quisiera saber como prepararse legalmente para un juicio familiar',
    messageContextInfo: MessageContextInfo {
      deviceListMetadata: [DeviceListMetadata],
      deviceListMetadataVersion: 2
    }
  },
  body: 'quisiera saber como prepararse legalmente para un juicio familiar',
  from: '5491157412668'
}
